<?xml version="1.0" encoding="UTF-8"?>
<!-- Generated by org.testng.reporters.JUnitXMLReporter -->
<testsuite ignored="0" hostname="DESKTOP-K5QR6PC" failures="1" tests="1" name="ChromeTest" time="6.102" errors="0" timestamp="2025-11-06T09:26:31 IST">
  <testcase classname="testcases.DemoTest2" name="RSLoginTest" time="4.986">
    <failure type="java.lang.AssertionError" message="expected [Sign In] but found [Sign In1]">
      <![CDATA[java.lang.AssertionError: expected [Sign In] but found [Sign In1]
at testcases.DemoTest2.RSLoginTest(DemoTest2.java:19)
at java.base/java.util.ArrayList.forEach(ArrayList.java:1511)
at java.base/java.util.concurrent.FutureTask.run(FutureTask.java:264)
at java.base/java.util.concurrent.ThreadPoolExecutor.runWorker(ThreadPoolExecutor.java:1136)
at java.base/java.util.concurrent.ThreadPoolExecutor$Worker.run(ThreadPoolExecutor.java:635)
at java.base/java.lang.Thread.run(Thread.java:833)
... Removed 24 stack frames]]>
    </failure>
  </testcase> <!-- RSLoginTest -->
</testsuite> <!-- ChromeTest -->
