<?xml version="1.0" encoding="UTF-8"?>
<!-- Generated by org.testng.reporters.JUnitXMLReporter -->
<testsuite ignored="2" hostname="DESKTOP-K5QR6PC" failures="0" tests="3" name="test1" time="32.494" errors="0" timestamp="2025-11-11T14:37:50 IST">
  <testcase classname="testcases.TC_Login" name="login" time="13.167"/>
  <testcase classname="testcases.TC_Login" name="login" time="12.642"/>
  <testcase classname="testcases.TC_InvalidLogin" name="tc_invalidLogin" time="5.377"/>
  <testcase classname="base.Base" name="@AfterSuite teardown" time="0.0">
    <ignored/>
  </testcase> <!-- @AfterSuite teardown -->
  <testcase classname="base.Base" name="@BeforeSuite init" time="0.0">
    <ignored/>
  </testcase> <!-- @BeforeSuite init -->
</testsuite> <!-- test1 -->
