<?xml version="1.0" encoding="UTF-8"?>
<testng-results ignored="2" total="5" passed="3" failed="0" skipped="0">
  <reporter-output>
  </reporter-output>
  <suite started-at="2025-11-11T14:37:17 IST" name="Suite" finished-at="2025-11-11T14:37:49 IST" duration-ms="32494">
    <groups>
    </groups>
    <test started-at="2025-11-11T14:37:17 IST" name="test1" finished-at="2025-11-11T14:37:49 IST" duration-ms="32494">
      <class name="testcases.TC_Login">
        <test-method is-config="true" signature="init()[pri:0, instance:testcases.TC_Login@48a12036]" started-at="2025-11-11T14:37:15 IST" name="init" finished-at="2025-11-11T14:37:17 IST" duration-ms="1524" status="PASS">
          <reporter-output>
          </reporter-output>
        </test-method> <!-- init -->
        <test-method signature="login(java.lang.String,java.lang.String,java.lang.String)[pri:0, instance:testcases.TC_Login@48a12036]" started-at="2025-11-11T14:37:17 IST" name="login" data-provider="allData" finished-at="2025-11-11T14:37:30 IST" duration-ms="13167" status="PASS">
          <params>
            <param index="0">
              <value>
                <![CDATA[zara coat 3]]>
              </value>
            </param>
            <param index="1">
              <value>
                <![CDATA[India]]>
              </value>
            </param>
            <param index="2">
              <value>
                <![CDATA[PASS]]>
              </value>
            </param>
          </params>
          <reporter-output>
          </reporter-output>
        </test-method> <!-- login -->
        <test-method is-config="true" signature="writeInExcel()[pri:0, instance:testcases.TC_Login@48a12036]" started-at="2025-11-11T14:37:30 IST" name="writeInExcel" finished-at="2025-11-11T14:37:31 IST" duration-ms="596" status="PASS">
          <reporter-output>
          </reporter-output>
        </test-method> <!-- writeInExcel -->
        <test-method signature="login(java.lang.String,java.lang.String,java.lang.String)[pri:0, instance:testcases.TC_Login@48a12036]" started-at="2025-11-11T14:37:31 IST" name="login" data-provider="allData" finished-at="2025-11-11T14:37:43 IST" duration-ms="12642" status="PASS">
          <params>
            <param index="0">
              <value>
                <![CDATA[Adidas original]]>
              </value>
            </param>
            <param index="1">
              <value>
                <![CDATA[Australia]]>
              </value>
            </param>
            <param index="2">
              <value>
                <![CDATA[PASS]]>
              </value>
            </param>
          </params>
          <reporter-output>
          </reporter-output>
        </test-method> <!-- login -->
        <test-method is-config="true" signature="writeInExcel()[pri:0, instance:testcases.TC_Login@48a12036]" started-at="2025-11-11T14:37:43 IST" name="writeInExcel" finished-at="2025-11-11T14:37:44 IST" duration-ms="267" status="PASS">
          <reporter-output>
          </reporter-output>
        </test-method> <!-- writeInExcel -->
        <test-method is-config="true" signature="teardown()[pri:0, instance:testcases.TC_Login@48a12036]" started-at="2025-11-11T14:37:50 IST" name="teardown" finished-at="2025-11-11T14:37:50 IST" duration-ms="223" status="PASS">
          <reporter-output>
          </reporter-output>
        </test-method> <!-- teardown -->
      </class> <!-- testcases.TC_Login -->
      <class name="testcases.TC_InvalidLogin">
        <test-method signature="tc_invalidLogin()[pri:0, instance:testcases.TC_InvalidLogin@696f0212]" started-at="2025-11-11T14:37:44 IST" name="tc_invalidLogin" finished-at="2025-11-11T14:37:49 IST" duration-ms="5377" status="PASS">
          <reporter-output>
          </reporter-output>
        </test-method> <!-- tc_invalidLogin -->
      </class> <!-- testcases.TC_InvalidLogin -->
    </test> <!-- test1 -->
  </suite> <!-- Suite -->
</testng-results>
